Using pre-set license
Built from '2020.3/staging' branch; Version is '2020.3.18f1 (a7d1c678663c) revision 10998214'; Using compiler version '192528614'; Build Type 'Release'
OS: 'Windows 10 Home; OS build 19042.1237; Version 2009; 64bit' Language: 'en' Physical Memory: 16331 MB
BatchMode: 1, IsHumanControllingUs: 0, StartBugReporterOnCrash: 0, Is64bit: 1, IsPro: 0

COMMAND LINE ARGUMENTS:
C:\Program Files\Unity\Hub\Editor\2020.3.18f1\Editor\Unity.exe
-adb2
-batchMode
-noUpm
-name
AssetImportWorker0
-projectPath
C:/Users/Nick/Downloads/ToonTanks
-logFile
Logs/AssetImportWorker0.log
-srvPort
49742
Successfully changed project path to: C:/Users/Nick/Downloads/ToonTanks
C:/Users/Nick/Downloads/ToonTanks
Using Asset Import Pipeline V2.
Refreshing native plugins compatible for Editor in 59.73 ms, found 2 plugins.
Preloading 0 native plugins for Editor in 0.00 ms.
Initialize engine version: 2020.3.18f1 (a7d1c678663c)
[Subsystems] Discovering subsystems at path C:/Program Files/Unity/Hub/Editor/2020.3.18f1/Editor/Data/Resources/UnitySubsystems
[Subsystems] Discovering subsystems at path C:/Users/Nick/Downloads/ToonTanks/Assets
GfxDevice: creating device client; threaded=0
Direct3D:
    Version:  Direct3D 11.0 [level 11.1]
    Renderer: NVIDIA GeForce GTX 1060 6GB (ID=0x1c03)
    Vendor:   
    VRAM:     6052 MB
    Driver:   30.0.14.7212
Initialize mono
Mono path[0] = 'C:/Program Files/Unity/Hub/Editor/2020.3.18f1/Editor/Data/Managed'
Mono path[1] = 'C:/Program Files/Unity/Hub/Editor/2020.3.18f1/Editor/Data/MonoBleedingEdge/lib/mono/unityjit'
Mono config path = 'C:/Program Files/Unity/Hub/Editor/2020.3.18f1/Editor/Data/MonoBleedingEdge/etc'
Using monoOptions --debugger-agent=transport=dt_socket,embedding=1,server=y,suspend=n,address=127.0.0.1:56436
Begin MonoManager ReloadAssembly
Registering precompiled unity dll's ...
Register platform support module: C:/Program Files/Unity/Hub/Editor/2020.3.18f1/Editor/Data/PlaybackEngines/WindowsStandaloneSupport/UnityEditor.WindowsStandalone.Extensions.dll
Registered in 0.001835 seconds.
Native extension for WindowsStandalone target not found
Refreshing native plugins compatible for Editor in 49.14 ms, found 2 plugins.
Preloading 0 native plugins for Editor in 0.00 ms.
Mono: successfully reloaded assembly
- Completed reload, in  1.315 seconds
Domain Reload Profiling:
	ReloadAssembly (1316ms)
		BeginReloadAssembly (54ms)
			ExecutionOrderSort (0ms)
			DisableScriptedObjects (0ms)
			BackupInstance (0ms)
			ReleaseScriptingObjects (0ms)
			CreateAndSetChildDomain (1ms)
		EndReloadAssembly (505ms)
			LoadAssemblies (52ms)
			RebuildTransferFunctionScriptingTraits (0ms)
			SetupTypeCache (227ms)
			ReleaseScriptCaches (0ms)
			RebuildScriptCaches (29ms)
			SetupLoadedEditorAssemblies (177ms)
				LogAssemblyErrors (0ms)
				InitializePlatformSupportModulesInManaged (4ms)
				SetLoadedEditorAssemblies (0ms)
				RefreshPlugins (49ms)
				BeforeProcessingInitializeOnLoad (8ms)
				ProcessInitializeOnLoadAttributes (81ms)
				ProcessInitializeOnLoadMethodAttributes (34ms)
				AfterProcessingInitializeOnLoad (0ms)
				EditorAssembliesLoaded (0ms)
			ExecutionOrderSort2 (0ms)
			AwakeInstancesAfterBackupRestoration (0ms)
Platform modules already initialized, skipping
Registering precompiled user dll's ...
Registered in 0.028447 seconds.
Begin MonoManager ReloadAssembly
Native extension for WindowsStandalone target not found
Refreshing native plugins compatible for Editor in 49.19 ms, found 2 plugins.
Preloading 0 native plugins for Editor in 0.00 ms.
Mono: successfully reloaded assembly
- Completed reload, in  2.103 seconds
Domain Reload Profiling:
	ReloadAssembly (2108ms)
		BeginReloadAssembly (149ms)
			ExecutionOrderSort (0ms)
			DisableScriptedObjects (5ms)
			BackupInstance (0ms)
			ReleaseScriptingObjects (0ms)
			CreateAndSetChildDomain (19ms)
		EndReloadAssembly (1894ms)
			LoadAssemblies (93ms)
			RebuildTransferFunctionScriptingTraits (0ms)
			SetupTypeCache (274ms)
			ReleaseScriptCaches (1ms)
			RebuildScriptCaches (46ms)
			SetupLoadedEditorAssemblies (1320ms)
				LogAssemblyErrors (0ms)
				InitializePlatformSupportModulesInManaged (4ms)
				SetLoadedEditorAssemblies (0ms)
				RefreshPlugins (49ms)
				BeforeProcessingInitializeOnLoad (66ms)
				ProcessInitializeOnLoadAttributes (1183ms)
				ProcessInitializeOnLoadMethodAttributes (11ms)
				AfterProcessingInitializeOnLoad (6ms)
				EditorAssembliesLoaded (0ms)
			ExecutionOrderSort2 (0ms)
			AwakeInstancesAfterBackupRestoration (7ms)
Platform modules already initialized, skipping
========================================================================
Worker process is ready to serve import requests
Launched and connected shader compiler UnityShaderCompiler.exe after 0.09 seconds
Refreshing native plugins compatible for Editor in 0.58 ms, found 2 plugins.
Preloading 0 native plugins for Editor in 0.00 ms.
Unloading 2063 Unused Serialized files (Serialized files now loaded: 0)
System memory in use before: 91.9 MB.
System memory in use after: 92.0 MB.

Unloading 43 unused Assets to reduce memory usage. Loaded Objects now: 2488.
Total: 3.343200 ms (FindLiveObjects: 0.217200 ms CreateObjectMapping: 0.045900 ms MarkObjects: 2.999600 ms  DeleteObjects: 0.079100 ms)

AssetImportParameters requested are different than current active one (requested -> active):
  custom:framework-win-MediaFoundation: 216162199b28c13a410421893ffa2e32 -> 
  custom:video-decoder-ogg-theora: a1e56fd34408186e4bbccfd4996cb3dc -> 
  custom:container-muxer-webm: aa71ff27fc2769a1b78a27578f13a17b -> 
  custom:container-demuxer-webm: 4f35f7cbe854078d1ac9338744f61a02 -> 
  custom:container-demuxer-ogg: 62fdf1f143b41e24485cea50d1cbac27 -> 
  custom:video-encoder-webm-vp8: eb34c28f22e8b96e1ab97ce403110664 -> 
  custom:video-decoder-webm-vp8: 9c59270c3fd7afecdb556c50c9e8de78 -> 
  custom:audio-decoder-ogg-vorbis: bf7c407c2cedff20999df2af8eb42d56 -> 
  custom:audio-encoder-webm-vorbis: bf7c407c2cedff20999df2af8eb42d56 -> 
========================================================================
Received Import Request.
  path: Assets/Scenes/Forest.unity
  artifactKey: Guid(6712bdc5690969c4481d071a59b8c310) Importer(815301076,1909f56bfc062723c751e8b465ee728b)
Start importing Assets/Scenes/Forest.unity using Guid(6712bdc5690969c4481d071a59b8c310) Importer(815301076,1909f56bfc062723c751e8b465ee728b)  -> (artifact id: '6e2be0d563715702df34bd0418f895ee') in 0.150706 seconds 
  Import took 0.153833 seconds .

========================================================================
Received Import Request.
  Time since last request: 634.252079 seconds.
  path: Assets/Scenes/Forest.unity
  artifactKey: Guid(6712bdc5690969c4481d071a59b8c310) Importer(815301076,1909f56bfc062723c751e8b465ee728b)
Start importing Assets/Scenes/Forest.unity using Guid(6712bdc5690969c4481d071a59b8c310) Importer(815301076,1909f56bfc062723c751e8b465ee728b)  -> (artifact id: 'c0ba88ccce67e45729494271857927a4') in 0.020798 seconds 
  Import took 0.043188 seconds .

========================================================================
Received Import Request.
  Time since last request: 6.007182 seconds.
  path: Assets/Scenes/Barracks.unity
  artifactKey: Guid(abd3d87204a0f764290c211c1a71cc54) Importer(815301076,1909f56bfc062723c751e8b465ee728b)
Start importing Assets/Scenes/Barracks.unity using Guid(abd3d87204a0f764290c211c1a71cc54) Importer(815301076,1909f56bfc062723c751e8b465ee728b)  -> (artifact id: 'da707a62ca94f20a24467c2d3ae40b34') in 0.140953 seconds 
  Import took 0.143997 seconds .

========================================================================
Received Import Request.
  Time since last request: 283.404084 seconds.
  path: Assets/TextMesh Pro/Resources/Fonts & Materials/LiberationSans SDF.asset
  artifactKey: Guid(8f586378b4e144a9851e7b34d9b748ee) Importer(815301076,1909f56bfc062723c751e8b465ee728b)
Start importing Assets/TextMesh Pro/Resources/Fonts & Materials/LiberationSans SDF.asset using Guid(8f586378b4e144a9851e7b34d9b748ee) Importer(815301076,1909f56bfc062723c751e8b465ee728b)  -> (artifact id: 'f1280cc7be10b532b2897fc8654f95d3') in 0.240992 seconds 
  Import took 0.273575 seconds .

========================================================================
Received Import Request.
  Time since last request: 0.000197 seconds.
  path: Assets/TextMesh Pro/Resources/Fonts & Materials/LiberationSans SDF - Fallback.asset
  artifactKey: Guid(2e498d1c8094910479dc3e1b768306a4) Importer(815301076,1909f56bfc062723c751e8b465ee728b)
Start importing Assets/TextMesh Pro/Resources/Fonts & Materials/LiberationSans SDF - Fallback.asset using Guid(2e498d1c8094910479dc3e1b768306a4) Importer(815301076,1909f56bfc062723c751e8b465ee728b)  -> (artifact id: 'b8c2210586957436df79bf961aeff06e') in 0.018844 seconds 
  Import took 0.022014 seconds .

========================================================================
Received Import Request.
  Time since last request: 0.000189 seconds.
  path: Assets/TextMesh Pro/Resources/Fonts & Materials/LiberationSans SDF.asset
  artifactKey: Guid(8f586378b4e144a9851e7b34d9b748ee) Importer(815301076,1909f56bfc062723c751e8b465ee728b)
Start importing Assets/TextMesh Pro/Resources/Fonts & Materials/LiberationSans SDF.asset using Guid(8f586378b4e144a9851e7b34d9b748ee) Importer(815301076,1909f56bfc062723c751e8b465ee728b)  -> (artifact id: 'f1280cc7be10b532b2897fc8654f95d3') in 0.036405 seconds 
  Import took 0.053465 seconds .

========================================================================
Received Import Request.
  Time since last request: 0.000192 seconds.
  path: Assets/TextMesh Pro/Resources/Fonts & Materials/LiberationSans SDF - Fallback.asset
  artifactKey: Guid(2e498d1c8094910479dc3e1b768306a4) Importer(815301076,1909f56bfc062723c751e8b465ee728b)
Start importing Assets/TextMesh Pro/Resources/Fonts & Materials/LiberationSans SDF - Fallback.asset using Guid(2e498d1c8094910479dc3e1b768306a4) Importer(815301076,1909f56bfc062723c751e8b465ee728b)  -> (artifact id: 'b8c2210586957436df79bf961aeff06e') in 0.011922 seconds 
  Import took 0.014933 seconds .

========================================================================
Received Import Request.
  Time since last request: 9.953310 seconds.
  path: Assets/Fonts/Bowlby_One/BowlbyOne-Regular.ttf
  artifactKey: Guid(3d7fe0a26ba72d949874021dc3d6995e) Importer(815301076,1909f56bfc062723c751e8b465ee728b)
Start importing Assets/Fonts/Bowlby_One/BowlbyOne-Regular.ttf using Guid(3d7fe0a26ba72d949874021dc3d6995e) Importer(815301076,1909f56bfc062723c751e8b465ee728b)  -> (artifact id: 'c7a4b07044e5ce366dfc17f8f7d4b87c') in 0.136830 seconds 
  Import took 0.140103 seconds .

========================================================================
Received Import Request.
  Time since last request: 49.257763 seconds.
  path: Assets/Fonts/Bowlby_One/BowlbyOne-Regular SDF.asset
  artifactKey: Guid(63dc92930cb7e2d4a848f60de18e08a0) Importer(815301076,1909f56bfc062723c751e8b465ee728b)
Start importing Assets/Fonts/Bowlby_One/BowlbyOne-Regular SDF.asset using Guid(63dc92930cb7e2d4a848f60de18e08a0) Importer(815301076,1909f56bfc062723c751e8b465ee728b) Shader 'TextMeshPro/Distance Field': fallback shader 'TextMeshPro/Mobile/Distance Field' not found
 -> (artifact id: '922168625122578f8af8ffab54a50c78') in 0.091484 seconds 
  Import took 0.094835 seconds .

========================================================================
Received Import Request.
  Time since last request: 3172.231082 seconds.
  path: Assets/Scenes/Refinery.unity
  artifactKey: Guid(42e2bc11ed2e4404284b99a497e66bec) Importer(815301076,1909f56bfc062723c751e8b465ee728b)
Start importing Assets/Scenes/Refinery.unity using Guid(42e2bc11ed2e4404284b99a497e66bec) Importer(815301076,1909f56bfc062723c751e8b465ee728b)  -> (artifact id: '9dba06eddc229be9ac6a547910edde2f') in 0.008744 seconds 
  Import took 0.012242 seconds .

========================================================================
Received Import Request.
  Time since last request: 20.538605 seconds.
  path: Assets/Scenes/Barracks.unity
  artifactKey: Guid(abd3d87204a0f764290c211c1a71cc54) Importer(815301076,1909f56bfc062723c751e8b465ee728b)
Start importing Assets/Scenes/Barracks.unity using Guid(abd3d87204a0f764290c211c1a71cc54) Importer(815301076,1909f56bfc062723c751e8b465ee728b)  -> (artifact id: '0277a108498fc6c3858ceb760a3ad1b7') in 0.006353 seconds 
  Import took 0.015155 seconds .

========================================================================
Received Import Request.
  Time since last request: 265.835127 seconds.
  path: Assets/Scripts/Gamemodes
  artifactKey: Guid(9cbd8acae2b12004d9b109569457ddab) Importer(815301076,1909f56bfc062723c751e8b465ee728b)
Start importing Assets/Scripts/Gamemodes using Guid(9cbd8acae2b12004d9b109569457ddab) Importer(815301076,1909f56bfc062723c751e8b465ee728b)  -> (artifact id: '62831694b7eed8c4cc6af54c776e0117') in 0.007513 seconds 
  Import took 0.011095 seconds .

========================================================================
Received Import Request.
  Time since last request: 18.873564 seconds.
  path: Assets/Scripts/Gamemodes/LastManStanding
  artifactKey: Guid(2c2424fc27d8bf14db24690950ba8910) Importer(815301076,1909f56bfc062723c751e8b465ee728b)
Start importing Assets/Scripts/Gamemodes/LastManStanding using Guid(2c2424fc27d8bf14db24690950ba8910) Importer(815301076,1909f56bfc062723c751e8b465ee728b)  -> (artifact id: '52796cfa8810f0b18b3936620ba7286e') in 0.007165 seconds 
  Import took 0.010440 seconds .

========================================================================
Received Import Request.
  Time since last request: 37.372620 seconds.
  path: Assets/Scripts/Gamemodes/LastManStanding/LastManStanding.cs
  artifactKey: Guid(9031ced63dce11543bf16c3a395e4e09) Importer(815301076,1909f56bfc062723c751e8b465ee728b)
Start importing Assets/Scripts/Gamemodes/LastManStanding/LastManStanding.cs using Guid(9031ced63dce11543bf16c3a395e4e09) Importer(815301076,1909f56bfc062723c751e8b465ee728b)  -> (artifact id: 'd8c16d3707ee3a3c849026dc30e3191d') in 0.084655 seconds 
  Import took 0.087969 seconds .

========================================================================
Received Import Request.
  Time since last request: 0.020842 seconds.
  path: Assets/Scripts/Gamemodes/LastManStanding/LastManStanding.cs
  artifactKey: Guid(9031ced63dce11543bf16c3a395e4e09) Importer(815301076,1909f56bfc062723c751e8b465ee728b)
Start importing Assets/Scripts/Gamemodes/LastManStanding/LastManStanding.cs using Guid(9031ced63dce11543bf16c3a395e4e09) Importer(815301076,1909f56bfc062723c751e8b465ee728b)  -> (artifact id: 'd8c16d3707ee3a3c849026dc30e3191d') in 0.003198 seconds 
  Import took 0.006474 seconds .

========================================================================
Received Prepare
Registering precompiled user dll's ...
Registered in 0.005426 seconds.
Begin MonoManager ReloadAssembly
Native extension for WindowsStandalone target not found
Refreshing native plugins compatible for Editor in 0.61 ms, found 2 plugins.
Preloading 0 native plugins for Editor in 0.00 ms.
Mono: successfully reloaded assembly
- Completed reload, in  1.004 seconds
Domain Reload Profiling:
	ReloadAssembly (1005ms)
		BeginReloadAssembly (128ms)
			ExecutionOrderSort (0ms)
			DisableScriptedObjects (6ms)
			BackupInstance (0ms)
			ReleaseScriptingObjects (0ms)
			CreateAndSetChildDomain (35ms)
		EndReloadAssembly (804ms)
			LoadAssemblies (88ms)
			RebuildTransferFunctionScriptingTraits (0ms)
			SetupTypeCache (271ms)
			ReleaseScriptCaches (1ms)
			RebuildScriptCaches (37ms)
			SetupLoadedEditorAssemblies (296ms)
				LogAssemblyErrors (0ms)
				InitializePlatformSupportModulesInManaged (4ms)
				SetLoadedEditorAssemblies (0ms)
				RefreshPlugins (1ms)
				BeforeProcessingInitializeOnLoad (53ms)
				ProcessInitializeOnLoadAttributes (225ms)
				ProcessInitializeOnLoadMethodAttributes (7ms)
				AfterProcessingInitializeOnLoad (6ms)
				EditorAssembliesLoaded (0ms)
			ExecutionOrderSort2 (0ms)
			AwakeInstancesAfterBackupRestoration (7ms)
Platform modules already initialized, skipping
Refreshing native plugins compatible for Editor in 0.62 ms, found 2 plugins.
Preloading 0 native plugins for Editor in 0.00 ms.
Unloading 2043 Unused Serialized files (Serialized files now loaded: 0)
System memory in use before: 94.7 MB.
System memory in use after: 94.2 MB.

Unloading 43 unused Assets to reduce memory usage. Loaded Objects now: 2537.
Total: 3.569500 ms (FindLiveObjects: 0.242500 ms CreateObjectMapping: 0.048100 ms MarkObjects: 2.975300 ms  DeleteObjects: 0.302200 ms)

AssetImportParameters requested are different than current active one (requested -> active):
  custom:framework-win-MediaFoundation: 216162199b28c13a410421893ffa2e32 -> 
  custom:video-decoder-ogg-theora: a1e56fd34408186e4bbccfd4996cb3dc -> 
  custom:container-muxer-webm: aa71ff27fc2769a1b78a27578f13a17b -> 
  custom:container-demuxer-webm: 4f35f7cbe854078d1ac9338744f61a02 -> 
  custom:container-demuxer-ogg: 62fdf1f143b41e24485cea50d1cbac27 -> 
  custom:video-encoder-webm-vp8: eb34c28f22e8b96e1ab97ce403110664 -> 
  custom:video-decoder-webm-vp8: 9c59270c3fd7afecdb556c50c9e8de78 -> 
  custom:audio-decoder-ogg-vorbis: bf7c407c2cedff20999df2af8eb42d56 -> 
  custom:audio-encoder-webm-vorbis: bf7c407c2cedff20999df2af8eb42d56 -> 
========================================================================
Received Import Request.
  Time since last request: 30.202470 seconds.
  path: Assets/Scripts/Gamemodes/LastManStanding/LastManStanding.cs
  artifactKey: Guid(9031ced63dce11543bf16c3a395e4e09) Importer(815301076,1909f56bfc062723c751e8b465ee728b)
Start importing Assets/Scripts/Gamemodes/LastManStanding/LastManStanding.cs using Guid(9031ced63dce11543bf16c3a395e4e09) Importer(815301076,1909f56bfc062723c751e8b465ee728b)  -> (artifact id: '5f351b463b00c276043d613101a66756') in 0.006830 seconds 
  Import took 0.010212 seconds .

========================================================================
Received Import Request.
  Time since last request: 41.432372 seconds.
  path: Assets/Scripts/Gamemodes/LastManStanding/LastManStanding.cs
  artifactKey: Guid(9031ced63dce11543bf16c3a395e4e09) Importer(815301076,1909f56bfc062723c751e8b465ee728b)
Start importing Assets/Scripts/Gamemodes/LastManStanding/LastManStanding.cs using Guid(9031ced63dce11543bf16c3a395e4e09) Importer(815301076,1909f56bfc062723c751e8b465ee728b)  -> (artifact id: '6515c7983b70165347b2341b264b396e') in 0.002635 seconds 
  Import took 0.005837 seconds .

========================================================================
Received Import Request.
  Time since last request: 23.841241 seconds.
  path: Assets/Scripts/Gamemodes/LastManStanding/LastManStanding.cs
  artifactKey: Guid(9031ced63dce11543bf16c3a395e4e09) Importer(815301076,1909f56bfc062723c751e8b465ee728b)
Start importing Assets/Scripts/Gamemodes/LastManStanding/LastManStanding.cs using Guid(9031ced63dce11543bf16c3a395e4e09) Importer(815301076,1909f56bfc062723c751e8b465ee728b)  -> (artifact id: '2c3eff8650cb3b8142c0048a3db63f2b') in 0.002674 seconds 
  Import took 0.005903 seconds .

========================================================================
Received Import Request.
  Time since last request: 14.516212 seconds.
  path: Assets/Scripts/Gamemodes/LastManStanding/LastManStanding.cs
  artifactKey: Guid(9031ced63dce11543bf16c3a395e4e09) Importer(815301076,1909f56bfc062723c751e8b465ee728b)
Start importing Assets/Scripts/Gamemodes/LastManStanding/LastManStanding.cs using Guid(9031ced63dce11543bf16c3a395e4e09) Importer(815301076,1909f56bfc062723c751e8b465ee728b)  -> (artifact id: 'a0e3cd2345565653be1b2d5f8f2916b5') in 0.002738 seconds 
  Import took 0.005911 seconds .

========================================================================
Received Import Request.
  Time since last request: 290.152552 seconds.
  path: Assets/Scripts/Gamemodes/LastManStanding/LastManStanding.cs
  artifactKey: Guid(9031ced63dce11543bf16c3a395e4e09) Importer(815301076,1909f56bfc062723c751e8b465ee728b)
Start importing Assets/Scripts/Gamemodes/LastManStanding/LastManStanding.cs using Guid(9031ced63dce11543bf16c3a395e4e09) Importer(815301076,1909f56bfc062723c751e8b465ee728b)  -> (artifact id: 'b290f4b4e30265c24a7ab4ea96b13724') in 0.002813 seconds 
  Import took 0.016889 seconds .

========================================================================
Received Import Request.
  Time since last request: 0.001747 seconds.
  path: Assets/Scripts/Gamemodes/LastManStanding/LastManStanding.cs
  artifactKey: Guid(9031ced63dce11543bf16c3a395e4e09) Importer(815301076,1909f56bfc062723c751e8b465ee728b)
Start importing Assets/Scripts/Gamemodes/LastManStanding/LastManStanding.cs using Guid(9031ced63dce11543bf16c3a395e4e09) Importer(815301076,1909f56bfc062723c751e8b465ee728b)  -> (artifact id: 'b290f4b4e30265c24a7ab4ea96b13724') in 0.002486 seconds 
  Import took 0.005554 seconds .

========================================================================
Received Prepare
Registering precompiled user dll's ...
Registered in 0.005305 seconds.
Begin MonoManager ReloadAssembly
Native extension for WindowsStandalone target not found
Refreshing native plugins compatible for Editor in 0.61 ms, found 2 plugins.
Preloading 0 native plugins for Editor in 0.00 ms.
Mono: successfully reloaded assembly
- Completed reload, in  0.990 seconds
Domain Reload Profiling:
	ReloadAssembly (990ms)
		BeginReloadAssembly (115ms)
			ExecutionOrderSort (0ms)
			DisableScriptedObjects (6ms)
			BackupInstance (0ms)
			ReleaseScriptingObjects (0ms)
			CreateAndSetChildDomain (33ms)
		EndReloadAssembly (809ms)
			LoadAssemblies (89ms)
			RebuildTransferFunctionScriptingTraits (0ms)
			SetupTypeCache (274ms)
			ReleaseScriptCaches (1ms)
			RebuildScriptCaches (37ms)
			SetupLoadedEditorAssemblies (298ms)
				LogAssemblyErrors (0ms)
				InitializePlatformSupportModulesInManaged (4ms)
				SetLoadedEditorAssemblies (0ms)
				RefreshPlugins (1ms)
				BeforeProcessingInitializeOnLoad (53ms)
				ProcessInitializeOnLoadAttributes (226ms)
				ProcessInitializeOnLoadMethodAttributes (7ms)
				AfterProcessingInitializeOnLoad (6ms)
				EditorAssembliesLoaded (0ms)
			ExecutionOrderSort2 (0ms)
			AwakeInstancesAfterBackupRestoration (7ms)
Platform modules already initialized, skipping
Refreshing native plugins compatible for Editor in 0.62 ms, found 2 plugins.
Preloading 0 native plugins for Editor in 0.00 ms.
Unloading 2041 Unused Serialized files (Serialized files now loaded: 0)
System memory in use before: 94.5 MB.
System memory in use after: 94.1 MB.

Unloading 43 unused Assets to reduce memory usage. Loaded Objects now: 2539.
Total: 3.390400 ms (FindLiveObjects: 0.213600 ms CreateObjectMapping: 0.044900 ms MarkObjects: 2.812200 ms  DeleteObjects: 0.318900 ms)

AssetImportParameters requested are different than current active one (requested -> active):
  custom:framework-win-MediaFoundation: 216162199b28c13a410421893ffa2e32 -> 
  custom:video-decoder-ogg-theora: a1e56fd34408186e4bbccfd4996cb3dc -> 
  custom:container-muxer-webm: aa71ff27fc2769a1b78a27578f13a17b -> 
  custom:container-demuxer-webm: 4f35f7cbe854078d1ac9338744f61a02 -> 
  custom:container-demuxer-ogg: 62fdf1f143b41e24485cea50d1cbac27 -> 
  custom:video-encoder-webm-vp8: eb34c28f22e8b96e1ab97ce403110664 -> 
  custom:video-decoder-webm-vp8: 9c59270c3fd7afecdb556c50c9e8de78 -> 
  custom:audio-decoder-ogg-vorbis: bf7c407c2cedff20999df2af8eb42d56 -> 
  custom:audio-encoder-webm-vorbis: bf7c407c2cedff20999df2af8eb42d56 -> 
========================================================================
Received Import Request.
  Time since last request: 318.914956 seconds.
  path: Assets/Scripts/Gamemodes/LastManStanding/LastManStanding.cs
  artifactKey: Guid(9031ced63dce11543bf16c3a395e4e09) Importer(815301076,1909f56bfc062723c751e8b465ee728b)
Start importing Assets/Scripts/Gamemodes/LastManStanding/LastManStanding.cs using Guid(9031ced63dce11543bf16c3a395e4e09) Importer(815301076,1909f56bfc062723c751e8b465ee728b)  -> (artifact id: 'c174d9c01353742fbadf09e198a1ee1c') in 0.006319 seconds 
  Import took 0.009620 seconds .

========================================================================
Received Import Request.
  Time since last request: 0.025988 seconds.
  path: Assets/Scripts/Gamemodes/LastManStanding/LastManStanding.cs
  artifactKey: Guid(9031ced63dce11543bf16c3a395e4e09) Importer(815301076,1909f56bfc062723c751e8b465ee728b)
Start importing Assets/Scripts/Gamemodes/LastManStanding/LastManStanding.cs using Guid(9031ced63dce11543bf16c3a395e4e09) Importer(815301076,1909f56bfc062723c751e8b465ee728b)  -> (artifact id: 'c174d9c01353742fbadf09e198a1ee1c') in 0.002567 seconds 
  Import took 0.005680 seconds .

========================================================================
Received Prepare
Registering precompiled user dll's ...
Registered in 0.005275 seconds.
Begin MonoManager ReloadAssembly
Native extension for WindowsStandalone target not found
Refreshing native plugins compatible for Editor in 0.63 ms, found 2 plugins.
Preloading 0 native plugins for Editor in 0.00 ms.
Mono: successfully reloaded assembly
- Completed reload, in  1.020 seconds
Domain Reload Profiling:
	ReloadAssembly (1020ms)
		BeginReloadAssembly (114ms)
			ExecutionOrderSort (0ms)
			DisableScriptedObjects (6ms)
			BackupInstance (0ms)
			ReleaseScriptingObjects (0ms)
			CreateAndSetChildDomain (31ms)
		EndReloadAssembly (842ms)
			LoadAssemblies (87ms)
			RebuildTransferFunctionScriptingTraits (0ms)
			SetupTypeCache (283ms)
			ReleaseScriptCaches (1ms)
			RebuildScriptCaches (38ms)
			SetupLoadedEditorAssemblies (317ms)
				LogAssemblyErrors (0ms)
				InitializePlatformSupportModulesInManaged (5ms)
				SetLoadedEditorAssemblies (0ms)
				RefreshPlugins (1ms)
				BeforeProcessingInitializeOnLoad (54ms)
				ProcessInitializeOnLoadAttributes (243ms)
				ProcessInitializeOnLoadMethodAttributes (8ms)
				AfterProcessingInitializeOnLoad (6ms)
				EditorAssembliesLoaded (0ms)
			ExecutionOrderSort2 (0ms)
			AwakeInstancesAfterBackupRestoration (8ms)
Platform modules already initialized, skipping
Refreshing native plugins compatible for Editor in 0.64 ms, found 2 plugins.
Preloading 0 native plugins for Editor in 0.00 ms.
Unloading 2041 Unused Serialized files (Serialized files now loaded: 0)
System memory in use before: 94.5 MB.
System memory in use after: 94.1 MB.

Unloading 43 unused Assets to reduce memory usage. Loaded Objects now: 2541.
Total: 3.791700 ms (FindLiveObjects: 0.247600 ms CreateObjectMapping: 0.047400 ms MarkObjects: 3.144200 ms  DeleteObjects: 0.351200 ms)

AssetImportParameters requested are different than current active one (requested -> active):
  custom:framework-win-MediaFoundation: 216162199b28c13a410421893ffa2e32 -> 
  custom:video-decoder-ogg-theora: a1e56fd34408186e4bbccfd4996cb3dc -> 
  custom:container-muxer-webm: aa71ff27fc2769a1b78a27578f13a17b -> 
  custom:container-demuxer-webm: 4f35f7cbe854078d1ac9338744f61a02 -> 
  custom:container-demuxer-ogg: 62fdf1f143b41e24485cea50d1cbac27 -> 
  custom:video-encoder-webm-vp8: eb34c28f22e8b96e1ab97ce403110664 -> 
  custom:video-decoder-webm-vp8: 9c59270c3fd7afecdb556c50c9e8de78 -> 
  custom:audio-decoder-ogg-vorbis: bf7c407c2cedff20999df2af8eb42d56 -> 
  custom:audio-encoder-webm-vorbis: bf7c407c2cedff20999df2af8eb42d56 -> 
========================================================================
Received Import Request.
  Time since last request: 165.388386 seconds.
  path: Assets/Scripts/Gamemodes/LastManStanding/LastManStanding.cs
  artifactKey: Guid(9031ced63dce11543bf16c3a395e4e09) Importer(815301076,1909f56bfc062723c751e8b465ee728b)
Start importing Assets/Scripts/Gamemodes/LastManStanding/LastManStanding.cs using Guid(9031ced63dce11543bf16c3a395e4e09) Importer(815301076,1909f56bfc062723c751e8b465ee728b)  -> (artifact id: 'ecd62cecc532bbd25ae75e39ce5b3d00') in 0.006033 seconds 
  Import took 0.015694 seconds .

========================================================================
Received Prepare
Registering precompiled user dll's ...
Registered in 0.005275 seconds.
Begin MonoManager ReloadAssembly
Native extension for WindowsStandalone target not found
Refreshing native plugins compatible for Editor in 0.61 ms, found 2 plugins.
Preloading 0 native plugins for Editor in 0.00 ms.
Mono: successfully reloaded assembly
- Completed reload, in  0.951 seconds
Domain Reload Profiling:
	ReloadAssembly (951ms)
		BeginReloadAssembly (103ms)
			ExecutionOrderSort (0ms)
			DisableScriptedObjects (6ms)
			BackupInstance (0ms)
			ReleaseScriptingObjects (0ms)
			CreateAndSetChildDomain (30ms)
		EndReloadAssembly (786ms)
			LoadAssemblies (82ms)
			RebuildTransferFunctionScriptingTraits (0ms)
			SetupTypeCache (257ms)
			ReleaseScriptCaches (1ms)
			RebuildScriptCaches (36ms)
			SetupLoadedEditorAssemblies (302ms)
				LogAssemblyErrors (0ms)
				InitializePlatformSupportModulesInManaged (4ms)
				SetLoadedEditorAssemblies (0ms)
				RefreshPlugins (1ms)
				BeforeProcessingInitializeOnLoad (52ms)
				ProcessInitializeOnLoadAttributes (232ms)
				ProcessInitializeOnLoadMethodAttributes (7ms)
				AfterProcessingInitializeOnLoad (6ms)
				EditorAssembliesLoaded (0ms)
			ExecutionOrderSort2 (0ms)
			AwakeInstancesAfterBackupRestoration (7ms)
Platform modules already initialized, skipping
Refreshing native plugins compatible for Editor in 0.62 ms, found 2 plugins.
Preloading 0 native plugins for Editor in 0.00 ms.
Unloading 2041 Unused Serialized files (Serialized files now loaded: 0)
System memory in use before: 94.5 MB.
System memory in use after: 94.1 MB.

Unloading 43 unused Assets to reduce memory usage. Loaded Objects now: 2543.
Total: 3.352500 ms (FindLiveObjects: 0.200400 ms CreateObjectMapping: 0.045600 ms MarkObjects: 2.805300 ms  DeleteObjects: 0.300300 ms)

AssetImportParameters requested are different than current active one (requested -> active):
  custom:framework-win-MediaFoundation: 216162199b28c13a410421893ffa2e32 -> 
  custom:video-decoder-ogg-theora: a1e56fd34408186e4bbccfd4996cb3dc -> 
  custom:container-muxer-webm: aa71ff27fc2769a1b78a27578f13a17b -> 
  custom:container-demuxer-webm: 4f35f7cbe854078d1ac9338744f61a02 -> 
  custom:container-demuxer-ogg: 62fdf1f143b41e24485cea50d1cbac27 -> 
  custom:video-encoder-webm-vp8: eb34c28f22e8b96e1ab97ce403110664 -> 
  custom:video-decoder-webm-vp8: 9c59270c3fd7afecdb556c50c9e8de78 -> 
  custom:audio-decoder-ogg-vorbis: bf7c407c2cedff20999df2af8eb42d56 -> 
  custom:audio-encoder-webm-vorbis: bf7c407c2cedff20999df2af8eb42d56 -> 
========================================================================
Received Prepare
Registering precompiled user dll's ...
Registered in 0.005234 seconds.
Begin MonoManager ReloadAssembly
Native extension for WindowsStandalone target not found
Refreshing native plugins compatible for Editor in 0.61 ms, found 2 plugins.
Preloading 0 native plugins for Editor in 0.00 ms.
Mono: successfully reloaded assembly
- Completed reload, in  0.929 seconds
Domain Reload Profiling:
	ReloadAssembly (929ms)
		BeginReloadAssembly (107ms)
			ExecutionOrderSort (0ms)
			DisableScriptedObjects (6ms)
			BackupInstance (0ms)
			ReleaseScriptingObjects (0ms)
			CreateAndSetChildDomain (30ms)
		EndReloadAssembly (760ms)
			LoadAssemblies (84ms)
			RebuildTransferFunctionScriptingTraits (0ms)
			SetupTypeCache (252ms)
			ReleaseScriptCaches (1ms)
			RebuildScriptCaches (36ms)
			SetupLoadedEditorAssemblies (285ms)
				LogAssemblyErrors (0ms)
				InitializePlatformSupportModulesInManaged (4ms)
				SetLoadedEditorAssemblies (0ms)
				RefreshPlugins (1ms)
				BeforeProcessingInitializeOnLoad (50ms)
				ProcessInitializeOnLoadAttributes (217ms)
				ProcessInitializeOnLoadMethodAttributes (7ms)
				AfterProcessingInitializeOnLoad (6ms)
				EditorAssembliesLoaded (0ms)
			ExecutionOrderSort2 (0ms)
			AwakeInstancesAfterBackupRestoration (7ms)
Platform modules already initialized, skipping
Refreshing native plugins compatible for Editor in 0.63 ms, found 2 plugins.
Preloading 0 native plugins for Editor in 0.00 ms.
Unloading 2041 Unused Serialized files (Serialized files now loaded: 0)
System memory in use before: 94.5 MB.
System memory in use after: 94.1 MB.

Unloading 43 unused Assets to reduce memory usage. Loaded Objects now: 2545.
Total: 3.320500 ms (FindLiveObjects: 0.196000 ms CreateObjectMapping: 0.045900 ms MarkObjects: 2.783500 ms  DeleteObjects: 0.293900 ms)

AssetImportParameters requested are different than current active one (requested -> active):
  custom:framework-win-MediaFoundation: 216162199b28c13a410421893ffa2e32 -> 
  custom:video-decoder-ogg-theora: a1e56fd34408186e4bbccfd4996cb3dc -> 
  custom:container-muxer-webm: aa71ff27fc2769a1b78a27578f13a17b -> 
  custom:container-demuxer-webm: 4f35f7cbe854078d1ac9338744f61a02 -> 
  custom:container-demuxer-ogg: 62fdf1f143b41e24485cea50d1cbac27 -> 
  custom:video-encoder-webm-vp8: eb34c28f22e8b96e1ab97ce403110664 -> 
  custom:video-decoder-webm-vp8: 9c59270c3fd7afecdb556c50c9e8de78 -> 
  custom:audio-decoder-ogg-vorbis: bf7c407c2cedff20999df2af8eb42d56 -> 
  custom:audio-encoder-webm-vorbis: bf7c407c2cedff20999df2af8eb42d56 -> 
========================================================================
Received Import Request.
  Time since last request: 571.080543 seconds.
  path: Assets/Scenes/Forest.unity
  artifactKey: Guid(6712bdc5690969c4481d071a59b8c310) Importer(815301076,1909f56bfc062723c751e8b465ee728b)
Start importing Assets/Scenes/Forest.unity using Guid(6712bdc5690969c4481d071a59b8c310) Importer(815301076,1909f56bfc062723c751e8b465ee728b)  -> (artifact id: 'd826bd058fc0ec02e220ed7742221133') in 0.030103 seconds 
  Import took 0.038152 seconds .

========================================================================
Received Import Request.
  Time since last request: 104.892503 seconds.
  path: Assets/Scenes/Refinery.unity
  artifactKey: Guid(42e2bc11ed2e4404284b99a497e66bec) Importer(815301076,1909f56bfc062723c751e8b465ee728b)
Start importing Assets/Scenes/Refinery.unity using Guid(42e2bc11ed2e4404284b99a497e66bec) Importer(815301076,1909f56bfc062723c751e8b465ee728b)  -> (artifact id: 'd7ee12dcfaf6268a53fea2c21a5e25f2') in 0.002967 seconds 
  Import took 0.006179 seconds .

AssetImportWorkerClient::OnTransportError - code=2 error=End of file
